-------------------------------------------------------------------------------
Test set: junit.test.PasswordComplyTest
-------------------------------------------------------------------------------
Tests run: 1, Failures: 1, Errors: 0, Skipped: 0, Time elapsed: 0.022 s <<< FAILURE! - in junit.test.PasswordComplyTest
testDoesPasswordComply  Time elapsed: 0.017 s  <<< FAILURE!
org.opentest4j.AssertionFailedError: Password conditions failed! ==> expected: <true> but was: <false>
	at junit.test.PasswordComplyTest.testDoesPasswordComply(PasswordComplyTest.java:13)

