<?xml version="1.0" encoding="UTF-8"?>
<testsuite xmlns:xsi="http://www.w3.org/2001/XMLSchema-instance" xsi:noNamespaceSchemaLocation="https://maven.apache.org/surefire/maven-surefire-plugin/xsd/surefire-test-report.xsd" name="junit.test.PasswordComplyTest" time="0.022" tests="1" errors="0" skipped="0" failures="1">
  <properties>
[...]
</properties>
  <testcase name="testDoesPasswordComply" classname="junit.test.PasswordComplyTest" time="0.017">
    <failure message="Password conditions failed! ==&gt; expected: &lt;true&gt; but was: &lt;false&gt;" type="org.opentest4j.AssertionFailedError"><![CDATA[org.opentest4j.AssertionFailedError: Password conditions failed! ==> expected: <true> but was: <false>
	at junit.test.PasswordComplyTest.testDoesPasswordComply(PasswordComplyTest.java:13)
]]></failure>
  </testcase>
</testsuite>